<?xml version="1.0" encoding="UTF-8"?>
<testng-results ignored="0" total="3" passed="3" failed="0" skipped="0">
  <reporter-output>
  </reporter-output>
  <suite started-at="2021-09-30T20:42:55 IST" name="sai kumar" finished-at="2021-09-30T20:42:55 IST" duration-ms="49">
    <groups>
    </groups>
    <test started-at="2021-09-30T20:42:55 IST" name="Test" finished-at="2021-09-30T20:42:55 IST" duration-ms="49">
      <class name="Example.jessy">
        <test-method signature="second()[pri:0, instance:Example.jessy@a3d8174]" started-at="2021-09-30T20:42:55 IST" name="second" finished-at="2021-09-30T20:42:55 IST" duration-ms="1" status="PASS">
          <reporter-output>
          </reporter-output>
        </test-method> <!-- second -->
      </class> <!-- Example.jessy -->
      <class name="Example.TestNg">
        <test-method signature="First()[pri:0, instance:Example.TestNg@3a6bb9bf]" started-at="2021-09-30T20:42:55 IST" name="First" finished-at="2021-09-30T20:42:55 IST" duration-ms="8" status="PASS">
          <reporter-output>
          </reporter-output>
        </test-method> <!-- First -->
        <test-method signature="Firstl()[pri:0, instance:Example.TestNg@3a6bb9bf]" started-at="2021-09-30T20:42:55 IST" name="Firstl" finished-at="2021-09-30T20:42:55 IST" duration-ms="1" status="PASS">
          <reporter-output>
          </reporter-output>
        </test-method> <!-- Firstl -->
      </class> <!-- Example.TestNg -->
    </test> <!-- Test -->
  </suite> <!-- sai kumar -->
</testng-results>
